<?xml version="1.0" encoding="UTF-8"?>
<!-- Generated by org.testng.reporters.JUnitReportReporter -->
<testsuite skipped="0" hostname="DESKTOP-CEOG73M" name="com.inetbanking.testCases.TC_LoginTest_001" tests="1" failures="0" timestamp="18 Nov 2021 06:56:01 GMT" time="6.384" errors="0">
  <testcase name="loginTest" time="6.384" classname="com.inetbanking.testCases.TC_LoginTest_001"/>
</testsuite> <!-- com.inetbanking.testCases.TC_LoginTest_001 -->
