<?xml version="1.0" encoding="UTF-8"?>
<!-- Generated by org.testng.reporters.JUnitReportReporter -->
<testsuite skipped="0" hostname="DESKTOP-CEOG73M" name="com.inetbanking.testCases.TC_AddCustomer_003" tests="1" failures="0" timestamp="18 Nov 2021 06:56:01 GMT" time="22.988" errors="0">
  <testcase name="addNewCustomer" time="22.988" classname="com.inetbanking.testCases.TC_AddCustomer_003"/>
</testsuite> <!-- com.inetbanking.testCases.TC_AddCustomer_003 -->
