<?xml version="1.0" encoding="UTF-8"?>
<!-- Generated by org.testng.reporters.JUnitReportReporter -->
<testsuite skipped="0" hostname="DESKTOP-CEOG73M" name="com.inetbanking.testCases.TC_AddAccount_005" tests="2" failures="0" timestamp="24 Nov 2021 05:51:39 GMT" time="28.363" errors="0">
  <testcase name="addNewCustomer" time="19.134" classname="com.inetbanking.testCases.TC_AddAccount_005"/>
  <testcase name="addAccount" time="9.229" classname="com.inetbanking.testCases.TC_AddAccount_005"/>
</testsuite> <!-- com.inetbanking.testCases.TC_AddAccount_005 -->
