<?xml version="1.0" encoding="UTF-8"?>
<!-- Generated by org.testng.reporters.JUnitReportReporter -->
<testsuite skipped="0" hostname="DESKTOP-CEOG73M" name="com.inetbanking.testCases.TC_EditCustomer_004" tests="2" failures="0" timestamp="23 Nov 2021 06:19:12 GMT" time="38.391" errors="0">
  <testcase name="editCustomer" time="11.569" classname="com.inetbanking.testCases.TC_EditCustomer_004"/>
  <testcase name="addNewCustomer" time="26.822" classname="com.inetbanking.testCases.TC_EditCustomer_004"/>
</testsuite> <!-- com.inetbanking.testCases.TC_EditCustomer_004 -->
