<?xml version="1.0" encoding="UTF-8"?>
<!-- Generated by org.testng.reporters.JUnitReportReporter -->
<testsuite skipped="0" hostname="DESKTOP-CEOG73M" name="com.inetbanking.testCases.TC_AddCustomer_003" tests="1" failures="0" timestamp="19 Nov 2021 06:08:12 GMT" time="25.583" errors="0">
  <testcase name="addNewCustomer" time="25.583" classname="com.inetbanking.testCases.TC_AddCustomer_003"/>
</testsuite> <!-- com.inetbanking.testCases.TC_AddCustomer_003 -->
